H:\WORK\LEARNINGPYTHON\PYTHON_C\PYTHONC\PYTHONC\X64\RELEASE\EXAMPLE_WRAP.OBJ
H:\WORK\LEARNINGPYTHON\PYTHON_C\PYTHONC\PYTHONC\X64\RELEASE\EXAMPLE.OBJ
H:\WORK\LEARNINGPYTHON\PYTHON_C\PYTHONC\PYTHONC\X64\RELEASE\VC110.PDB
H:\WORK\LEARNINGPYTHON\PYTHON_C\PYTHONC\X64\RELEASE\PYTHONC.DLL
H:\WORK\LEARNINGPYTHON\PYTHON_C\PYTHONC\X64\RELEASE\PYTHONC.PDB
H:\Work\learningPython\Python_C\pythonC\x64\Release\pythonC.lib
H:\Work\learningPython\Python_C\pythonC\x64\Release\pythonC.exp
H:\Work\learningPython\Python_C\pythonC\pythonC\x64\Release\example.obj
H:\Work\learningPython\Python_C\pythonC\pythonC\x64\Release\example_wrap.obj
H:\Work\learningPython\Python_C\pythonC\pythonC\x64\Release\cl.command.1.tlog
H:\Work\learningPython\Python_C\pythonC\pythonC\x64\Release\CL.read.1.tlog
H:\Work\learningPython\Python_C\pythonC\pythonC\x64\Release\CL.write.1.tlog
H:\Work\learningPython\Python_C\pythonC\pythonC\x64\Release\link-cvtres.read.1.tlog
H:\Work\learningPython\Python_C\pythonC\pythonC\x64\Release\link-cvtres.write.1.tlog
H:\Work\learningPython\Python_C\pythonC\pythonC\x64\Release\link-rc.read.1.tlog
H:\Work\learningPython\Python_C\pythonC\pythonC\x64\Release\link-rc.write.1.tlog
H:\Work\learningPython\Python_C\pythonC\pythonC\x64\Release\link.command.1.tlog
H:\Work\learningPython\Python_C\pythonC\pythonC\x64\Release\link.read.1.tlog
H:\Work\learningPython\Python_C\pythonC\pythonC\x64\Release\link.write.1.tlog
H:\Work\learningPython\Python_C\pythonC\pythonC\x64\Release\pythonC.write.1.tlog
H:\Work\learningPython\Python_C\pythonC\pythonC\x64\Release\vc110.pdb
H:\Work\learningPython\Python_C\pythonC\x64\Release\pythonC.pdb
H:\Work\learningPython\Python_C\pythonC\x64\Release\pythonC.dll
